Performing C++ SOURCE FILE Test CMAKE_HAVE_LIBC_PTHREAD failed with the following output:
Change Dir: /home/thanhdat/drone/build_isolated/msp/devel/CMakeFiles/CMakeTmp

Run Build Command(s):/usr/bin/make cmTC_636c5/fast && /usr/bin/make -f CMakeFiles/cmTC_636c5.dir/build.make CMakeFiles/cmTC_636c5.dir/build
make[1]: Entering directory '/home/thanhdat/drone/build_isolated/msp/devel/CMakeFiles/CMakeTmp'
Building CXX object CMakeFiles/cmTC_636c5.dir/src.cxx.o
/usr/bin/c++    -DCMAKE_HAVE_LIBC_PTHREAD   -o CMakeFiles/cmTC_636c5.dir/src.cxx.o -c /home/thanhdat/drone/build_isolated/msp/devel/CMakeFiles/CMakeTmp/src.cxx
Linking CXX executable cmTC_636c5
/usr/bin/cmake -E cmake_link_script CMakeFiles/cmTC_636c5.dir/link.txt --verbose=1
/usr/bin/c++   -DCMAKE_HAVE_LIBC_PTHREAD    CMakeFiles/cmTC_636c5.dir/src.cxx.o  -o cmTC_636c5 
/usr/bin/ld: CMakeFiles/cmTC_636c5.dir/src.cxx.o: in function `main':
src.cxx:(.text+0x46): undefined reference to `pthread_create'
/usr/bin/ld: src.cxx:(.text+0x52): undefined reference to `pthread_detach'
/usr/bin/ld: src.cxx:(.text+0x63): undefined reference to `pthread_join'
collect2: error: ld returned 1 exit status
make[1]: *** [CMakeFiles/cmTC_636c5.dir/build.make:87: cmTC_636c5] Error 1
make[1]: Leaving directory '/home/thanhdat/drone/build_isolated/msp/devel/CMakeFiles/CMakeTmp'
make: *** [Makefile:121: cmTC_636c5/fast] Error 2


Source file was:
#include <pthread.h>

void* test_func(void* data)
{
  return data;
}

int main(void)
{
  pthread_t thread;
  pthread_create(&thread, NULL, test_func, NULL);
  pthread_detach(thread);
  pthread_join(thread, NULL);
  pthread_atfork(NULL, NULL, NULL);
  pthread_exit(NULL);

  return 0;
}

Determining if the function pthread_create exists in the pthreads failed with the following output:
Change Dir: /home/thanhdat/drone/build_isolated/msp/devel/CMakeFiles/CMakeTmp

Run Build Command(s):/usr/bin/make cmTC_70af2/fast && /usr/bin/make -f CMakeFiles/cmTC_70af2.dir/build.make CMakeFiles/cmTC_70af2.dir/build
make[1]: Entering directory '/home/thanhdat/drone/build_isolated/msp/devel/CMakeFiles/CMakeTmp'
Building CXX object CMakeFiles/cmTC_70af2.dir/CheckFunctionExists.cxx.o
/usr/bin/c++    -DCHECK_FUNCTION_EXISTS=pthread_create   -o CMakeFiles/cmTC_70af2.dir/CheckFunctionExists.cxx.o -c /home/thanhdat/drone/build_isolated/msp/devel/CMakeFiles/CheckLibraryExists/CheckFunctionExists.cxx
Linking CXX executable cmTC_70af2
/usr/bin/cmake -E cmake_link_script CMakeFiles/cmTC_70af2.dir/link.txt --verbose=1
/usr/bin/c++   -DCHECK_FUNCTION_EXISTS=pthread_create    CMakeFiles/cmTC_70af2.dir/CheckFunctionExists.cxx.o  -o cmTC_70af2  -lpthreads 
/usr/bin/ld: cannot find -lpthreads
collect2: error: ld returned 1 exit status
make[1]: *** [CMakeFiles/cmTC_70af2.dir/build.make:87: cmTC_70af2] Error 1
make[1]: Leaving directory '/home/thanhdat/drone/build_isolated/msp/devel/CMakeFiles/CMakeTmp'
make: *** [Makefile:121: cmTC_70af2/fast] Error 2



