[01m[K/home/thanhdat/ws_drone/src/multiwii/src/multiwii_node.cpp:[m[K In member function ‘[01m[Kvoid MultiWiiNode::setup()[m[K’:
[01m[K/home/thanhdat/ws_drone/src/multiwii/src/multiwii_node.cpp:139:62:[m[K [01;31m[Kerror: [m[Kno matching function for call to ‘[01m[Ksensor_msgs::NavSatFix_<std::allocator<void> >::NavSatFix_(const char [4], int)[m[K’
  139 |         gps_pub = nh.advertise<sensor_msgs::NavSatFix("gps",1[01;31m[K)[m[K;
      |                                                              [01;31m[K^[m[K
In file included from [01m[K/home/thanhdat/ws_drone/src/multiwii/src/multiwii_node.cpp:17[m[K:
[01m[K/opt/ros/noetic/include/sensor_msgs/NavSatFix.h:38:3:[m[K [01;36m[Knote: [m[Kcandidate: ‘[01m[Ksensor_msgs::NavSatFix_<ContainerAllocator>::NavSatFix_(const ContainerAllocator&) [with ContainerAllocator = std::allocator<void>][m[K’
   38 |   [01;36m[KNavSatFix_[m[K(const ContainerAllocator& _alloc)
      |   [01;36m[K^~~~~~~~~~[m[K
[01m[K/opt/ros/noetic/include/sensor_msgs/NavSatFix.h:38:3:[m[K [01;36m[Knote: [m[K  candidate expects 1 argument, 2 provided
[01m[K/opt/ros/noetic/include/sensor_msgs/NavSatFix.h:28:3:[m[K [01;36m[Knote: [m[Kcandidate: ‘[01m[Ksensor_msgs::NavSatFix_<ContainerAllocator>::NavSatFix_() [with ContainerAllocator = std::allocator<void>][m[K’
   28 |   [01;36m[KNavSatFix_[m[K()
      |   [01;36m[K^~~~~~~~~~[m[K
[01m[K/opt/ros/noetic/include/sensor_msgs/NavSatFix.h:28:3:[m[K [01;36m[Knote: [m[K  candidate expects 0 arguments, 2 provided
[01m[K/opt/ros/noetic/include/sensor_msgs/NavSatFix.h:24:8:[m[K [01;36m[Knote: [m[Kcandidate: ‘[01m[Ksensor_msgs::NavSatFix_<std::allocator<void> >::NavSatFix_(const sensor_msgs::NavSatFix_<std::allocator<void> >&)[m[K’
   24 | struct [01;36m[KNavSatFix_[m[K
      |        [01;36m[K^~~~~~~~~~[m[K
[01m[K/opt/ros/noetic/include/sensor_msgs/NavSatFix.h:24:8:[m[K [01;36m[Knote: [m[K  candidate expects 1 argument, 2 provided
[01m[K/opt/ros/noetic/include/sensor_msgs/NavSatFix.h:24:8:[m[K [01;36m[Knote: [m[Kcandidate: ‘[01m[Ksensor_msgs::NavSatFix_<std::allocator<void> >::NavSatFix_(sensor_msgs::NavSatFix_<std::allocator<void> >&&)[m[K’
[01m[K/opt/ros/noetic/include/sensor_msgs/NavSatFix.h:24:8:[m[K [01;36m[Knote: [m[K  candidate expects 1 argument, 2 provided
[01m[K/home/thanhdat/ws_drone/src/multiwii/src/multiwii_node.cpp:139:22:[m[K [01;31m[Kerror: [m[Kparse error in template argument list
  139 |         gps_pub = nh.[01;31m[Kadvertise<sensor_msgs::NavSatFix("gps",1)[m[K;
      |                      [01;31m[K^~~~~~~~~~~~~~~~~~~~~~~~~~~~~~~~~~~~~~~~~[m[K
[01m[K/home/thanhdat/ws_drone/src/multiwii/src/multiwii_node.cpp:139:22:[m[K [01;31m[Kerror: [m[Kno match for ‘[01m[Koperator=[m[K’ (operand types are ‘[01m[Kros::Publisher[m[K’ and ‘[01m[K<unresolved overloaded function type>[m[K’)
In file included from [01m[K/opt/ros/noetic/include/ros/node_handle.h:32[m[K,
                 from [01m[K/opt/ros/noetic/include/ros/ros.h:45[m[K,
                 from [01m[K/home/thanhdat/ws_drone/src/multiwii/src/multiwii_node.cpp:1[m[K:
[01m[K/opt/ros/noetic/include/ros/publisher.h:48:21:[m[K [01;36m[Knote: [m[Kcandidate: ‘[01m[Kros::Publisher& ros::Publisher::operator=(const ros::Publisher&)[m[K’
   48 |   class ROSCPP_DECL [01;36m[KPublisher[m[K
      |                     [01;36m[K^~~~~~~~~[m[K
[01m[K/opt/ros/noetic/include/ros/publisher.h:54:43:[m[K [01;36m[Knote: [m[K  no known conversion for argument 1 from ‘[01m[K<unresolved overloaded function type>[m[K’ to ‘[01m[Kconst ros::Publisher&[m[K’
   54 |     Publisher& operator=([01;36m[Kconst Publisher& other[m[K) = default;
      |                          [01;36m[K~~~~~~~~~~~~~~~~~^~~~~[m[K
make[2]: *** [CMakeFiles/multiwii_node.dir/build.make:63: CMakeFiles/multiwii_node.dir/src/multiwii_node.cpp.o] Error 1
make[1]: *** [CMakeFiles/Makefile2:224: CMakeFiles/multiwii_node.dir/all] Error 2
make: *** [Makefile:141: all] Error 2
