Symlinking /home/thanhdat/drone/devel/lib/python3/dist-packages/multiwii/__init__.py
Symlinking /home/thanhdat/drone/devel/lib/python3/dist-packages/multiwii/msg/__init__.py
Symlinking /home/thanhdat/drone/devel/lib/python3/dist-packages/multiwii/msg/_Waypoint.py
Symlinking /home/thanhdat/drone/devel/lib/python3/dist-packages/multiwii/msg/_Waypoints.py
Symlinking /home/thanhdat/drone/devel/lib/python3/dist-packages/multiwii/msg/_MSPRawMessage.py
Symlinking /home/thanhdat/drone/devel/lib/python3/dist-packages/multiwii/cfg/__init__.py
Symlinking /home/thanhdat/drone/devel/lib/python3/dist-packages/multiwii/cfg/UpdateRatesConfig.py
Symlinking /home/thanhdat/drone/devel/lib/python3/dist-packages/multiwii/srv/_ReceiveMSPRawMessage.py
Symlinking /home/thanhdat/drone/devel/lib/python3/dist-packages/multiwii/srv/__init__.py
Symlinking /home/thanhdat/drone/devel/lib/python3/dist-packages/multiwii/srv/_SendMSPRawMessage.py
Symlinking /home/thanhdat/drone/devel/lib/multiwii/multiwii_node
Symlinking /home/thanhdat/drone/devel/lib/pkgconfig/multiwii.pc
Symlinking /home/thanhdat/drone/devel/include/multiwii/MSPRawMessage.h
Symlinking /home/thanhdat/drone/devel/include/multiwii/UpdateRatesConfig.h
Symlinking /home/thanhdat/drone/devel/include/multiwii/SendMSPRawMessage.h
Symlinking /home/thanhdat/drone/devel/include/multiwii/ReceiveMSPRawMessage.h
Symlinking /home/thanhdat/drone/devel/include/multiwii/Waypoint.h
Symlinking /home/thanhdat/drone/devel/include/multiwii/ReceiveMSPRawMessageRequest.h
Symlinking /home/thanhdat/drone/devel/include/multiwii/SendMSPRawMessageRequest.h
Symlinking /home/thanhdat/drone/devel/include/multiwii/Waypoints.h
Symlinking /home/thanhdat/drone/devel/include/multiwii/ReceiveMSPRawMessageResponse.h
Symlinking /home/thanhdat/drone/devel/include/multiwii/SendMSPRawMessageResponse.h
Symlinking /home/thanhdat/drone/devel/share/common-lisp/ros/multiwii/msg/_package.lisp
Symlinking /home/thanhdat/drone/devel/share/common-lisp/ros/multiwii/msg/_package_Waypoints.lisp
Symlinking /home/thanhdat/drone/devel/share/common-lisp/ros/multiwii/msg/multiwii-msg.asd
Symlinking /home/thanhdat/drone/devel/share/common-lisp/ros/multiwii/msg/_package_MSPRawMessage.lisp
Symlinking /home/thanhdat/drone/devel/share/common-lisp/ros/multiwii/msg/Waypoint.lisp
Symlinking /home/thanhdat/drone/devel/share/common-lisp/ros/multiwii/msg/MSPRawMessage.lisp
Symlinking /home/thanhdat/drone/devel/share/common-lisp/ros/multiwii/msg/_package_Waypoint.lisp
Symlinking /home/thanhdat/drone/devel/share/common-lisp/ros/multiwii/msg/Waypoints.lisp
Symlinking /home/thanhdat/drone/devel/share/common-lisp/ros/multiwii/srv/_package.lisp
Symlinking /home/thanhdat/drone/devel/share/common-lisp/ros/multiwii/srv/ReceiveMSPRawMessage.lisp
Symlinking /home/thanhdat/drone/devel/share/common-lisp/ros/multiwii/srv/_package_ReceiveMSPRawMessage.lisp
Symlinking /home/thanhdat/drone/devel/share/common-lisp/ros/multiwii/srv/multiwii-srv.asd
Symlinking /home/thanhdat/drone/devel/share/common-lisp/ros/multiwii/srv/_package_SendMSPRawMessage.lisp
Symlinking /home/thanhdat/drone/devel/share/common-lisp/ros/multiwii/srv/SendMSPRawMessage.lisp
Symlinking /home/thanhdat/drone/devel/share/multiwii/cmake/multiwii-msg-paths.cmake
Symlinking /home/thanhdat/drone/devel/share/multiwii/cmake/multiwiiConfig.cmake
Symlinking /home/thanhdat/drone/devel/share/multiwii/cmake/multiwiiConfig-version.cmake
Symlinking /home/thanhdat/drone/devel/share/multiwii/cmake/multiwii-msg-extras.cmake
Symlinking /home/thanhdat/drone/devel/share/multiwii/docs/UpdateRatesConfig-usage.dox
Symlinking /home/thanhdat/drone/devel/share/multiwii/docs/UpdateRatesConfig.wikidoc
Symlinking /home/thanhdat/drone/devel/share/multiwii/docs/UpdateRatesConfig.dox
Symlinking /home/thanhdat/drone/devel/share/gennodejs/ros/multiwii/_index.js
Symlinking /home/thanhdat/drone/devel/share/gennodejs/ros/multiwii/msg/_index.js
Symlinking /home/thanhdat/drone/devel/share/gennodejs/ros/multiwii/msg/MSPRawMessage.js
Symlinking /home/thanhdat/drone/devel/share/gennodejs/ros/multiwii/msg/Waypoints.js
Symlinking /home/thanhdat/drone/devel/share/gennodejs/ros/multiwii/msg/Waypoint.js
Symlinking /home/thanhdat/drone/devel/share/gennodejs/ros/multiwii/srv/_index.js
Symlinking /home/thanhdat/drone/devel/share/gennodejs/ros/multiwii/srv/ReceiveMSPRawMessage.js
Symlinking /home/thanhdat/drone/devel/share/gennodejs/ros/multiwii/srv/SendMSPRawMessage.js
Symlinking /home/thanhdat/drone/devel/share/roseus/ros/multiwii/manifest.l
Symlinking /home/thanhdat/drone/devel/share/roseus/ros/multiwii/msg/Waypoint.l
Symlinking /home/thanhdat/drone/devel/share/roseus/ros/multiwii/msg/MSPRawMessage.l
Symlinking /home/thanhdat/drone/devel/share/roseus/ros/multiwii/msg/Waypoints.l
Symlinking /home/thanhdat/drone/devel/share/roseus/ros/multiwii/srv/ReceiveMSPRawMessage.l
Symlinking /home/thanhdat/drone/devel/share/roseus/ros/multiwii/srv/SendMSPRawMessage.l
