[35m[1mScanning dependencies of target _multiwii_generate_messages_check_deps_SendMSPRawMessage[0m
[35m[1mScanning dependencies of target multiwii_gencfg[0m
[35m[1mScanning dependencies of target _multiwii_generate_messages_check_deps_MSPRawMessage[0m
[35m[1mScanning dependencies of target _multiwii_generate_messages_check_deps_ReceiveMSPRawMessage[0m
[  4%] [34m[1mGenerating dynamic reconfigure files from cfg/UpdateRates.cfg: /home/thanhdat/drone/devel/.private/multiwii/include/multiwii/UpdateRatesConfig.h /home/thanhdat/drone/devel/.private/multiwii/lib/python3/dist-packages/multiwii/cfg/UpdateRatesConfig.py[0m
[  4%] Built target _multiwii_generate_messages_check_deps_SendMSPRawMessage
[  4%] Built target _multiwii_generate_messages_check_deps_MSPRawMessage
[  4%] Built target _multiwii_generate_messages_check_deps_ReceiveMSPRawMessage
[35m[1mScanning dependencies of target multiwii_generate_messages_cpp[0m
[35m[1mScanning dependencies of target multiwii_generate_messages_py[0m
[35m[1mScanning dependencies of target multiwii_generate_messages_nodejs[0m
[  9%] [34m[1mGenerating C++ code from multiwii/MSPRawMessage.msg[0m
[ 14%] [34m[1mGenerating Javascript code from multiwii/MSPRawMessage.msg[0m
[ 19%] [34m[1mGenerating Python from MSG multiwii/MSPRawMessage[0m
[ 23%] [34m[1mGenerating Javascript code from multiwii/ReceiveMSPRawMessage.srv[0m
[ 28%] [34m[1mGenerating C++ code from multiwii/ReceiveMSPRawMessage.srv[0m
[ 33%] [34m[1mGenerating Javascript code from multiwii/SendMSPRawMessage.srv[0m
[ 38%] [34m[1mGenerating Python code from SRV multiwii/ReceiveMSPRawMessage[0m
[ 38%] Built target multiwii_generate_messages_nodejs
[35m[1mScanning dependencies of target multiwii_generate_messages_eus[0m
[ 42%] [34m[1mGenerating EusLisp code from multiwii/MSPRawMessage.msg[0m
[ 47%] [34m[1mGenerating EusLisp code from multiwii/ReceiveMSPRawMessage.srv[0m
[ 52%] [34m[1mGenerating EusLisp code from multiwii/SendMSPRawMessage.srv[0m
[ 57%] [34m[1mGenerating C++ code from multiwii/SendMSPRawMessage.srv[0m
[ 61%] [34m[1mGenerating EusLisp manifest code for multiwii[0m
Generating reconfiguration files for UpdateRates in multiwii
Wrote header file in /home/thanhdat/drone/devel/.private/multiwii/include/multiwii/UpdateRatesConfig.h
[ 66%] [34m[1mGenerating Python code from SRV multiwii/SendMSPRawMessage[0m
[ 66%] Built target multiwii_gencfg
[ 66%] Built target multiwii_generate_messages_cpp
[35m[1mScanning dependencies of target multiwii_generate_messages_lisp[0m
[ 71%] [34m[1mGenerating Lisp code from multiwii/MSPRawMessage.msg[0m
[35m[1mScanning dependencies of target multiwii_gencpp[0m
[ 71%] Built target multiwii_gencpp
[35m[1mScanning dependencies of target multiwii_node[0m
[ 76%] [34m[1mGenerating Lisp code from multiwii/ReceiveMSPRawMessage.srv[0m
[ 80%] [32mBuilding CXX object CMakeFiles/multiwii_node.dir/src/multiwii_node.cpp.o[0m
[ 85%] [34m[1mGenerating Lisp code from multiwii/SendMSPRawMessage.srv[0m
[ 90%] [34m[1mGenerating Python msg __init__.py for multiwii[0m
[ 90%] Built target multiwii_generate_messages_lisp
[ 95%] [34m[1mGenerating Python srv __init__.py for multiwii[0m
[ 95%] Built target multiwii_generate_messages_py
[ 95%] Built target multiwii_generate_messages_eus
[35m[1mScanning dependencies of target multiwii_generate_messages[0m
[ 95%] Built target multiwii_generate_messages
[100%] [32m[1mLinking CXX executable /home/thanhdat/drone/devel/.private/multiwii/lib/multiwii/multiwii_node[0m
[100%] Built target multiwii_node
