[  0%] Built target _multiwii_generate_messages_check_deps_ReceiveMSPRawMessage
[  0%] Built target _multiwii_generate_messages_check_deps_MSPRawMessage
[  4%] Built target multiwii_gencfg
[  4%] Built target _multiwii_generate_messages_check_deps_SendMSPRawMessage
[ 19%] Built target multiwii_generate_messages_nodejs
[ 42%] Built target multiwii_generate_messages_py
[ 61%] Built target multiwii_generate_messages_eus
[ 76%] Built target multiwii_generate_messages_cpp
[ 76%] Built target multiwii_gencpp
[35m[1mScanning dependencies of target multiwii_node[0m
[ 90%] Built target multiwii_generate_messages_lisp
[ 90%] Built target multiwii_generate_messages
[ 95%] [32mBuilding CXX object CMakeFiles/multiwii_node.dir/src/multiwii_node.cpp.o[0m
[01m[K/home/thanhdat/ws_drone/src/multiwii/src/multiwii_node.cpp:[m[K In member function ‘[01m[Kvoid MultiWiiNode::onAttitude(const msp::msg::Attitude&)[m[K’:
[01m[K/home/thanhdat/ws_drone/src/multiwii/src/multiwii_node.cpp:299:47:[m[K [01;31m[Kerror: [m[K‘[01m[Kclass ros::Publisher[m[K’ has no member named ‘[01m[Kpose[m[K’
  299 |         odom_msg.pose.pose = pose_stamped_pub.[01;31m[Kpose[m[K;
      |                                               [01;31m[K^~~~[m[K
make[2]: *** [CMakeFiles/multiwii_node.dir/build.make:63: CMakeFiles/multiwii_node.dir/src/multiwii_node.cpp.o] Error 1
make[1]: *** [CMakeFiles/Makefile2:224: CMakeFiles/multiwii_node.dir/all] Error 2
make: *** [Makefile:141: all] Error 2
