[35m[1mScanning dependencies of target mspclient[0m
[  6%] [32mBuilding CXX object CMakeFiles/mspclient.dir/src/Client.cpp.o[0m
[ 13%] [32mBuilding CXX object CMakeFiles/mspclient.dir/src/PeriodicTimer.cpp.o[0m
[ 20%] [32m[1mLinking CXX shared library libmspclient.so[0m
[ 20%] Built target mspclient
[35m[1mScanning dependencies of target client_async_test[0m
[35m[1mScanning dependencies of target client_read_test[0m
[ 26%] [32mBuilding CXX object CMakeFiles/client_async_test.dir/examples/client_async_test.cpp.o[0m
[ 33%] [32mBuilding CXX object CMakeFiles/client_read_test.dir/examples/client_read_test.cpp.o[0m
[ 40%] [32m[1mLinking CXX executable client_read_test[0m
[ 40%] Built target client_read_test
[35m[1mScanning dependencies of target msp_fcu[0m
[ 46%] [32mBuilding CXX object CMakeFiles/msp_fcu.dir/src/FlightController.cpp.o[0m
[ 53%] [32m[1mLinking CXX shared library libmsp_fcu.so[0m
[ 53%] Built target msp_fcu
[35m[1mScanning dependencies of target fcu_custom_type[0m
[35m[1mScanning dependencies of target fcu_test[0m
[35m[1mScanning dependencies of target fcu_motors[0m
[ 60%] [32mBuilding CXX object CMakeFiles/fcu_custom_type.dir/examples/fcu_custom_type.cpp.o[0m
[ 66%] [32mBuilding CXX object CMakeFiles/fcu_motors.dir/examples/fcu_motor_test.cpp.o[0m
[ 73%] [32mBuilding CXX object CMakeFiles/fcu_test.dir/examples/fcu_test.cpp.o[0m
[ 80%] [32m[1mLinking CXX executable fcu_motors[0m
[ 80%] Built target fcu_motors
[ 86%] [32m[1mLinking CXX executable client_async_test[0m
[ 86%] Built target client_async_test
[ 93%] [32m[1mLinking CXX executable fcu_custom_type[0m
[ 93%] Built target fcu_custom_type
[100%] [32m[1mLinking CXX executable fcu_test[0m
[100%] Built target fcu_test
