[ 20%] Built target mspclient
[ 33%] Built target client_async_test
[ 46%] Built target client_read_test
[ 60%] Built target msp_fcu
[ 73%] Built target fcu_custom_type
[ 86%] Built target fcu_motors
[100%] Built target fcu_test
[36mInstall the project...[0m
-- Install configuration: ""
-- Installing: /home/thanhdat/drone/devel/lib/libmsp_fcu.so
-- Set runtime path of "/home/thanhdat/drone/devel/lib/libmsp_fcu.so" to ""
-- Installing: /home/thanhdat/drone/devel/lib/libmspclient.so
-- Installing: /home/thanhdat/drone/devel/include//msp
-- Installing: /home/thanhdat/drone/devel/include//msp/FirmwareVariants.hpp
-- Installing: /home/thanhdat/drone/devel/include//msp/FlightMode.hpp
-- Installing: /home/thanhdat/drone/devel/include//msp/ByteVector.hpp
-- Installing: /home/thanhdat/drone/devel/include//msp/Subscription.hpp
-- Installing: /home/thanhdat/drone/devel/include//msp/FlightController.hpp
-- Installing: /home/thanhdat/drone/devel/include//msp/Client.hpp
-- Installing: /home/thanhdat/drone/devel/include//msp/Message.hpp
-- Installing: /home/thanhdat/drone/devel/include//msp/Value.hpp
-- Installing: /home/thanhdat/drone/devel/include//msp/PeriodicTimer.hpp
-- Installing: /home/thanhdat/drone/devel/include//msp/msp_msg.hpp
-- Installing: /home/thanhdat/drone/devel/lib/pkgconfig/msp.pc
