Symlinking /home/thanhdat/drone/devel/lib/python3/dist-packages/unity_robotics_demo_msgs/__init__.py
Symlinking /home/thanhdat/drone/devel/lib/python3/dist-packages/unity_robotics_demo_msgs/msg/_PosRot.py
Symlinking /home/thanhdat/drone/devel/lib/python3/dist-packages/unity_robotics_demo_msgs/msg/__init__.py
Symlinking /home/thanhdat/drone/devel/lib/python3/dist-packages/unity_robotics_demo_msgs/msg/_Pose.py
Symlinking /home/thanhdat/drone/devel/lib/python3/dist-packages/unity_robotics_demo_msgs/msg/_UnityColor.py
Symlinking /home/thanhdat/drone/devel/lib/python3/dist-packages/unity_robotics_demo_msgs/srv/__init__.py
Symlinking /home/thanhdat/drone/devel/lib/python3/dist-packages/unity_robotics_demo_msgs/srv/_PositionService.py
Symlinking /home/thanhdat/drone/devel/lib/python3/dist-packages/unity_robotics_demo_msgs/srv/_ObjectPoseService.py
Symlinking /home/thanhdat/drone/devel/lib/pkgconfig/unity_robotics_demo_msgs.pc
Symlinking /home/thanhdat/drone/devel/include/unity_robotics_demo_msgs/ObjectPoseServiceResponse.h
Symlinking /home/thanhdat/drone/devel/include/unity_robotics_demo_msgs/PositionServiceRequest.h
Symlinking /home/thanhdat/drone/devel/include/unity_robotics_demo_msgs/PositionService.h
Symlinking /home/thanhdat/drone/devel/include/unity_robotics_demo_msgs/Pose.h
Symlinking /home/thanhdat/drone/devel/include/unity_robotics_demo_msgs/PositionServiceResponse.h
Symlinking /home/thanhdat/drone/devel/include/unity_robotics_demo_msgs/ObjectPoseService.h
Symlinking /home/thanhdat/drone/devel/include/unity_robotics_demo_msgs/ObjectPoseServiceRequest.h
Symlinking /home/thanhdat/drone/devel/include/unity_robotics_demo_msgs/PosRot.h
Symlinking /home/thanhdat/drone/devel/include/unity_robotics_demo_msgs/UnityColor.h
Symlinking /home/thanhdat/drone/devel/share/common-lisp/ros/unity_robotics_demo_msgs/msg/_package.lisp
Symlinking /home/thanhdat/drone/devel/share/common-lisp/ros/unity_robotics_demo_msgs/msg/_package_PosRot.lisp
Symlinking /home/thanhdat/drone/devel/share/common-lisp/ros/unity_robotics_demo_msgs/msg/UnityColor.lisp
Symlinking /home/thanhdat/drone/devel/share/common-lisp/ros/unity_robotics_demo_msgs/msg/PosRot.lisp
Symlinking /home/thanhdat/drone/devel/share/common-lisp/ros/unity_robotics_demo_msgs/msg/Pose.lisp
Symlinking /home/thanhdat/drone/devel/share/common-lisp/ros/unity_robotics_demo_msgs/msg/unity_robotics_demo_msgs-msg.asd
Symlinking /home/thanhdat/drone/devel/share/common-lisp/ros/unity_robotics_demo_msgs/msg/_package_UnityColor.lisp
Symlinking /home/thanhdat/drone/devel/share/common-lisp/ros/unity_robotics_demo_msgs/msg/_package_Pose.lisp
Symlinking /home/thanhdat/drone/devel/share/common-lisp/ros/unity_robotics_demo_msgs/srv/_package.lisp
Symlinking /home/thanhdat/drone/devel/share/common-lisp/ros/unity_robotics_demo_msgs/srv/ObjectPoseService.lisp
Symlinking /home/thanhdat/drone/devel/share/common-lisp/ros/unity_robotics_demo_msgs/srv/PositionService.lisp
Symlinking /home/thanhdat/drone/devel/share/common-lisp/ros/unity_robotics_demo_msgs/srv/unity_robotics_demo_msgs-srv.asd
Symlinking /home/thanhdat/drone/devel/share/common-lisp/ros/unity_robotics_demo_msgs/srv/_package_PositionService.lisp
Symlinking /home/thanhdat/drone/devel/share/common-lisp/ros/unity_robotics_demo_msgs/srv/_package_ObjectPoseService.lisp
Symlinking /home/thanhdat/drone/devel/share/gennodejs/ros/unity_robotics_demo_msgs/_index.js
Symlinking /home/thanhdat/drone/devel/share/gennodejs/ros/unity_robotics_demo_msgs/msg/_index.js
Symlinking /home/thanhdat/drone/devel/share/gennodejs/ros/unity_robotics_demo_msgs/msg/UnityColor.js
Symlinking /home/thanhdat/drone/devel/share/gennodejs/ros/unity_robotics_demo_msgs/msg/Pose.js
Symlinking /home/thanhdat/drone/devel/share/gennodejs/ros/unity_robotics_demo_msgs/msg/PosRot.js
Symlinking /home/thanhdat/drone/devel/share/gennodejs/ros/unity_robotics_demo_msgs/srv/_index.js
Symlinking /home/thanhdat/drone/devel/share/gennodejs/ros/unity_robotics_demo_msgs/srv/ObjectPoseService.js
Symlinking /home/thanhdat/drone/devel/share/gennodejs/ros/unity_robotics_demo_msgs/srv/PositionService.js
Symlinking /home/thanhdat/drone/devel/share/unity_robotics_demo_msgs/cmake/unity_robotics_demo_msgs-msg-extras.cmake
Symlinking /home/thanhdat/drone/devel/share/unity_robotics_demo_msgs/cmake/unity_robotics_demo_msgsConfig.cmake
Symlinking /home/thanhdat/drone/devel/share/unity_robotics_demo_msgs/cmake/unity_robotics_demo_msgsConfig-version.cmake
Symlinking /home/thanhdat/drone/devel/share/unity_robotics_demo_msgs/cmake/unity_robotics_demo_msgs-msg-paths.cmake
Symlinking /home/thanhdat/drone/devel/share/roseus/ros/unity_robotics_demo_msgs/manifest.l
Symlinking /home/thanhdat/drone/devel/share/roseus/ros/unity_robotics_demo_msgs/msg/UnityColor.l
Symlinking /home/thanhdat/drone/devel/share/roseus/ros/unity_robotics_demo_msgs/msg/Pose.l
Symlinking /home/thanhdat/drone/devel/share/roseus/ros/unity_robotics_demo_msgs/msg/PosRot.l
Symlinking /home/thanhdat/drone/devel/share/roseus/ros/unity_robotics_demo_msgs/srv/ObjectPoseService.l
Symlinking /home/thanhdat/drone/devel/share/roseus/ros/unity_robotics_demo_msgs/srv/PositionService.l
