[35m[1mScanning dependencies of target _unity_robotics_demo_msgs_generate_messages_check_deps_PositionService[0m
[  0%] Built target _unity_robotics_demo_msgs_generate_messages_check_deps_PositionService
[35m[1mScanning dependencies of target std_msgs_generate_messages_eus[0m
[  0%] Built target std_msgs_generate_messages_eus
[35m[1mScanning dependencies of target geometry_msgs_generate_messages_eus[0m
[  0%] Built target geometry_msgs_generate_messages_eus
[35m[1mScanning dependencies of target _unity_robotics_demo_msgs_generate_messages_check_deps_Pose[0m
[  0%] Built target _unity_robotics_demo_msgs_generate_messages_check_deps_Pose
[35m[1mScanning dependencies of target _unity_robotics_demo_msgs_generate_messages_check_deps_PosRot[0m
[  0%] Built target _unity_robotics_demo_msgs_generate_messages_check_deps_PosRot
[35m[1mScanning dependencies of target _unity_robotics_demo_msgs_generate_messages_check_deps_UnityColor[0m
[  0%] Built target _unity_robotics_demo_msgs_generate_messages_check_deps_UnityColor
[35m[1mScanning dependencies of target _unity_robotics_demo_msgs_generate_messages_check_deps_ObjectPoseService[0m
[  0%] Built target _unity_robotics_demo_msgs_generate_messages_check_deps_ObjectPoseService
[35m[1mScanning dependencies of target std_msgs_generate_messages_py[0m
[  0%] Built target std_msgs_generate_messages_py
[35m[1mScanning dependencies of target geometry_msgs_generate_messages_py[0m
[  0%] Built target geometry_msgs_generate_messages_py
[35m[1mScanning dependencies of target geometry_msgs_generate_messages_cpp[0m
[  0%] Built target geometry_msgs_generate_messages_cpp
[35m[1mScanning dependencies of target std_msgs_generate_messages_cpp[0m
[  0%] Built target std_msgs_generate_messages_cpp
[35m[1mScanning dependencies of target geometry_msgs_generate_messages_nodejs[0m
[  0%] Built target geometry_msgs_generate_messages_nodejs
[35m[1mScanning dependencies of target std_msgs_generate_messages_nodejs[0m
[  0%] Built target std_msgs_generate_messages_nodejs
[35m[1mScanning dependencies of target std_msgs_generate_messages_lisp[0m
[  0%] Built target std_msgs_generate_messages_lisp
[35m[1mScanning dependencies of target geometry_msgs_generate_messages_lisp[0m
[  0%] Built target geometry_msgs_generate_messages_lisp
[35m[1mScanning dependencies of target unity_robotics_demo_msgs_generate_messages_eus[0m
[  3%] [34m[1mGenerating EusLisp code from unity_robotics_demo_msgs/Pose.msg[0m
[  7%] [34m[1mGenerating EusLisp code from unity_robotics_demo_msgs/PosRot.msg[0m
[ 10%] [34m[1mGenerating EusLisp code from unity_robotics_demo_msgs/UnityColor.msg[0m
[ 14%] [34m[1mGenerating EusLisp code from unity_robotics_demo_msgs/ObjectPoseService.srv[0m
[ 17%] [34m[1mGenerating EusLisp code from unity_robotics_demo_msgs/PositionService.srv[0m
[ 21%] [34m[1mGenerating EusLisp manifest code for unity_robotics_demo_msgs[0m
[35m[1mScanning dependencies of target unity_robotics_demo_msgs_generate_messages_py[0m
[ 25%] [34m[1mGenerating Python from MSG unity_robotics_demo_msgs/Pose[0m
[ 28%] [34m[1mGenerating Python from MSG unity_robotics_demo_msgs/PosRot[0m
[ 32%] [34m[1mGenerating Python from MSG unity_robotics_demo_msgs/UnityColor[0m
[ 35%] [34m[1mGenerating Python code from SRV unity_robotics_demo_msgs/ObjectPoseService[0m
[ 35%] Built target unity_robotics_demo_msgs_generate_messages_eus
[35m[1mScanning dependencies of target unity_robotics_demo_msgs_generate_messages_cpp[0m
[ 39%] [34m[1mGenerating C++ code from unity_robotics_demo_msgs/Pose.msg[0m
[ 42%] [34m[1mGenerating Python code from SRV unity_robotics_demo_msgs/PositionService[0m
[ 46%] [34m[1mGenerating C++ code from unity_robotics_demo_msgs/PosRot.msg[0m
[ 50%] [34m[1mGenerating C++ code from unity_robotics_demo_msgs/UnityColor.msg[0m
[ 53%] [34m[1mGenerating Python msg __init__.py for unity_robotics_demo_msgs[0m
[ 57%] [34m[1mGenerating C++ code from unity_robotics_demo_msgs/ObjectPoseService.srv[0m
[ 60%] [34m[1mGenerating Python srv __init__.py for unity_robotics_demo_msgs[0m
[ 64%] [34m[1mGenerating C++ code from unity_robotics_demo_msgs/PositionService.srv[0m
[ 64%] Built target unity_robotics_demo_msgs_generate_messages_py
[35m[1mScanning dependencies of target unity_robotics_demo_msgs_generate_messages_nodejs[0m
[ 67%] [34m[1mGenerating Javascript code from unity_robotics_demo_msgs/Pose.msg[0m
[35m[1mScanning dependencies of target unity_robotics_demo_msgs_generate_messages_lisp[0m
[ 71%] [34m[1mGenerating Lisp code from unity_robotics_demo_msgs/Pose.msg[0m
[ 75%] [34m[1mGenerating Javascript code from unity_robotics_demo_msgs/PosRot.msg[0m
[ 78%] [34m[1mGenerating Lisp code from unity_robotics_demo_msgs/PosRot.msg[0m
[ 78%] Built target unity_robotics_demo_msgs_generate_messages_cpp
[ 82%] [34m[1mGenerating Lisp code from unity_robotics_demo_msgs/UnityColor.msg[0m
[ 85%] [34m[1mGenerating Javascript code from unity_robotics_demo_msgs/UnityColor.msg[0m
[ 89%] [34m[1mGenerating Lisp code from unity_robotics_demo_msgs/ObjectPoseService.srv[0m
[ 92%] [34m[1mGenerating Javascript code from unity_robotics_demo_msgs/ObjectPoseService.srv[0m
[ 96%] [34m[1mGenerating Lisp code from unity_robotics_demo_msgs/PositionService.srv[0m
[ 96%] Built target unity_robotics_demo_msgs_generate_messages_lisp
[100%] [34m[1mGenerating Javascript code from unity_robotics_demo_msgs/PositionService.srv[0m
[100%] Built target unity_robotics_demo_msgs_generate_messages_nodejs
[35m[1mScanning dependencies of target unity_robotics_demo_msgs_generate_messages[0m
[100%] Built target unity_robotics_demo_msgs_generate_messages
