[  0%] Built target geometry_msgs_generate_messages_eus
[  0%] Built target std_msgs_generate_messages_eus
[  0%] Built target _unity_robotics_demo_msgs_generate_messages_check_deps_PositionService
[  0%] Built target _unity_robotics_demo_msgs_generate_messages_check_deps_Pose
[  0%] Built target _unity_robotics_demo_msgs_generate_messages_check_deps_PosRot
[  0%] Built target std_msgs_generate_messages_py
[  0%] Built target _unity_robotics_demo_msgs_generate_messages_check_deps_UnityColor
[  0%] Built target geometry_msgs_generate_messages_py
[  0%] Built target _unity_robotics_demo_msgs_generate_messages_check_deps_ObjectPoseService
[  0%] Built target geometry_msgs_generate_messages_cpp
[  0%] Built target std_msgs_generate_messages_cpp
[  0%] Built target std_msgs_generate_messages_nodejs
[  0%] Built target geometry_msgs_generate_messages_nodejs
[  0%] Built target std_msgs_generate_messages_lisp
[  0%] Built target geometry_msgs_generate_messages_lisp
[ 25%] Built target unity_robotics_demo_msgs_generate_messages_py
[ 46%] Built target unity_robotics_demo_msgs_generate_messages_eus
[ 64%] Built target unity_robotics_demo_msgs_generate_messages_nodejs
[ 82%] Built target unity_robotics_demo_msgs_generate_messages_cpp
[100%] Built target unity_robotics_demo_msgs_generate_messages_lisp
[100%] Built target unity_robotics_demo_msgs_generate_messages
